── Attaching packages ─────────────────────────────────────── tidyverse 1.3.0 ──
✔ ggplot2 3.3.2     ✔ purrr   0.3.4
✔ tibble  3.0.4     ✔ dplyr   1.0.2
✔ tidyr   1.1.2     ✔ stringr 1.4.0
✔ readr   1.4.0     ✔ forcats 0.5.0
── Conflicts ────────────────────────────────────────── tidyverse_conflicts() ──
✖ dplyr::filter() masks stats::filter()
✖ dplyr::lag()    masks stats::lag()
Loading required package: foreach
── Attaching packages ─────────────────────────────────────── tidyverse 1.3.0 ──
✔ ggplot2 3.3.2     ✔ purrr   0.3.4
✔ tibble  3.0.4     ✔ dplyr   1.0.2
✔ tidyr   1.1.2     ✔ stringr 1.4.0
✔ readr   1.4.0     ✔ forcats 0.5.0

Attaching package: ‘foreach’

The following objects are masked from ‘package:purrr’:

    accumulate, when

Loading required package: iterators
Loading required package: parallel
── Conflicts ────────────────────────────────────────── tidyverse_conflicts() ──
✖ dplyr::filter() masks stats::filter()
✖ dplyr::lag()    masks stats::lag()
Registering fonts with R
Loading required package: viridisLite
Loading required package: foreach

Attaching package: ‘foreach’

The following objects are masked from ‘package:purrr’:

    accumulate, when

Loading required package: iterators
Loading required package: parallel
Registering fonts with R
Loading required package: viridisLite
Joining, by = "cntry"
Joining, by = "cntry"
`summarise()` regrouping output by 'iter', 'name' (override with `.groups` argument)
Warning messages:
1: Removed 2 row(s) containing missing values (geom_path). 
2: Removed 2 row(s) containing missing values (geom_path). 
Warning messages:
1: Removed 2 row(s) containing missing values (geom_path). 
2: Removed 2 row(s) containing missing values (geom_path). 
`summarise()` regrouping output by 'iter', 'name' (override with `.groups` argument)
Registered S3 methods overwritten by 'ggtern':
  method           from   
  grid.draw.ggplot ggplot2
  plot.ggplot      ggplot2
  print.ggplot     ggplot2
--
Remember to cite, run citation(package = 'ggtern') for further info.
--

Attaching package: ‘ggtern’

The following objects are masked from ‘package:ggplot2’:

    aes, annotate, ggplot, ggplot_build, ggplot_gtable, ggplotGrob,
    ggsave, layer_data, theme_bw, theme_classic, theme_dark,
    theme_gray, theme_light, theme_linedraw, theme_minimal, theme_void

Warning message:
In setMethodS3.default("grid.draw", "ggplot", ggplot2:::grid.draw.ggplot) :
  Added missing argument '...' to make it more compatible with a generic function: grid.draw.ggplot
Registered S3 methods overwritten by 'ggtern':
  method           from   
  grid.draw.ggplot ggplot2
  plot.ggplot      ggplot2
  print.ggplot     ggplot2
--
Remember to cite, run citation(package = 'ggtern') for further info.
--

Attaching package: ‘ggtern’

The following objects are masked from ‘package:ggplot2’:

    aes, annotate, ggplot, ggplot_build, ggplot_gtable, ggplotGrob,
    ggsave, layer_data, theme_bw, theme_classic, theme_dark,
    theme_gray, theme_light, theme_linedraw, theme_minimal, theme_void

Warning message:
In setMethodS3.default("grid.draw", "ggplot", ggplot2:::grid.draw.ggplot) :
  Added missing argument '...' to make it more compatible with a generic function: grid.draw.ggplot
Warning messages:
1: Removed 160 row(s) containing missing values (geom_path). 
2: Removed 3200 row(s) containing missing values (geom_path). 
3: Removed 160 row(s) containing missing values (geom_path). 
4: Removed 3040 row(s) containing missing values (geom_path). 
5: Removed 3040 row(s) containing missing values (geom_path). 
Warning messages:
1: Removed 160 row(s) containing missing values (geom_path). 
2: Removed 3200 row(s) containing missing values (geom_path). 
3: Removed 160 row(s) containing missing values (geom_path). 
4: Removed 3040 row(s) containing missing values (geom_path). 
5: Removed 3040 row(s) containing missing values (geom_path). 
`summarise()` regrouping output by 'iter', 'name' (override with `.groups` argument)
Warning messages:
1: Removed 2 row(s) containing missing values (geom_path). 
2: Removed 2 row(s) containing missing values (geom_path). 
Warning messages:
1: Removed 2 row(s) containing missing values (geom_path). 
2: Removed 2 row(s) containing missing values (geom_path). 
`summarise()` regrouping output by 'iter', 'name' (override with `.groups` argument)
Warning messages:
1: Removed 4 row(s) containing missing values (geom_path). 
2: Removed 4 row(s) containing missing values (geom_path). 
Registered S3 methods overwritten by 'ggtern':
  method           from   
  grid.draw.ggplot ggplot2
  plot.ggplot      ggplot2
  print.ggplot     ggplot2
--
Remember to cite, run citation(package = 'ggtern') for further info.
--

Attaching package: ‘ggtern’

The following objects are masked from ‘package:ggplot2’:

    aes, annotate, ggplot, ggplot_build, ggplot_gtable, ggplotGrob,
    ggsave, layer_data, theme_bw, theme_classic, theme_dark,
    theme_gray, theme_light, theme_linedraw, theme_minimal, theme_void

Warning messages:
1: Removed 4 row(s) containing missing values (geom_path). 
2: Removed 4 row(s) containing missing values (geom_path). 
Warning message:
In setMethodS3.default("grid.draw", "ggplot", ggplot2:::grid.draw.ggplot) :
  Added missing argument '...' to make it more compatible with a generic function: grid.draw.ggplot
Registered S3 methods overwritten by 'ggtern':
  method           from   
  grid.draw.ggplot ggplot2
  plot.ggplot      ggplot2
  print.ggplot     ggplot2
--
Remember to cite, run citation(package = 'ggtern') for further info.
--

Attaching package: ‘ggtern’

The following objects are masked from ‘package:ggplot2’:

    aes, annotate, ggplot, ggplot_build, ggplot_gtable, ggplotGrob,
    ggsave, layer_data, theme_bw, theme_classic, theme_dark,
    theme_gray, theme_light, theme_linedraw, theme_minimal, theme_void

Warning message:
In setMethodS3.default("grid.draw", "ggplot", ggplot2:::grid.draw.ggplot) :
  Added missing argument '...' to make it more compatible with a generic function: grid.draw.ggplot
Warning messages:
1: Removed 160 row(s) containing missing values (geom_path). 
2: Removed 3200 row(s) containing missing values (geom_path). 
3: Removed 160 row(s) containing missing values (geom_path). 
4: Removed 3040 row(s) containing missing values (geom_path). 
5: Removed 3040 row(s) containing missing values (geom_path). 
Warning messages:
1: Removed 160 row(s) containing missing values (geom_path). 
2: Removed 3200 row(s) containing missing values (geom_path). 
3: Removed 160 row(s) containing missing values (geom_path). 
4: Removed 3040 row(s) containing missing values (geom_path). 
5: Removed 3040 row(s) containing missing values (geom_path). 
