10
2
10
3
Data imported. 
Data imported. 
big_list_na_omit prepared. 
10n2[1] 10
[1] 2
big_list_na_omit prepared. 
10n3[1] 10
[1] 3
NULL
NULL
V.VEC TO V.VEC DISTANCE 
Calculating distances. 
NULL
NULL
V.VEC TO V.VEC DISTANCE 
Calculating distances. 
Distances done. Plotting now. 
V.VEC TO BEST RESPONSE DISTANCE 
Distances done. Plotting now. 
V.VEC TO BEST RESPONSE DISTANCE 
Distances done. Plotting now. 
new_gather_data.R done! 
Distances done. Plotting now. 
new_gather_data.R done! 
NULL
NULL
V.VEC TO V.VEC DISTANCE 
Calculating distances. 
NULL
NULL
V.VEC TO V.VEC DISTANCE 
Calculating distances. 
Distances done. Plotting now. 
V.VEC TO BEST RESPONSE DISTANCE 
Distances done. Plotting now. 
V.VEC TO BEST RESPONSE DISTANCE 
Distances done. Plotting now. 
new_gather_data.R done! 
Distances done. Plotting now. 
new_gather_data.R done! 
