\BOOKMARK [1][-]{section.1}{Link to previous sections / Intro to Empirics}{}% 1
\BOOKMARK [1][-]{section.2}{Data and Method}{}% 2
\BOOKMARK [2][-]{subsection.2.1}{CSES data}{section.2}% 3
\BOOKMARK [3][-]{subsubsection.2.1.1}{Characterising CSES cases}{subsection.2.1}% 4
\BOOKMARK [2][-]{subsection.2.2}{Methods}{section.2}% 5
\BOOKMARK [1][-]{section.3}{Results: Strategic Voting by Second Preference Class}{}% 6
\BOOKMARK [2][-]{subsection.3.1}{Single-Peaked}{section.3}% 7
\BOOKMARK [3][-]{subsubsection.3.1.1}{A is the attractor \(A+\)}{subsection.3.1}% 8
\BOOKMARK [3][-]{subsubsection.3.1.2}{B is the attractor \(B+\)}{subsection.3.1}% 9
\BOOKMARK [3][-]{subsubsection.3.1.3}{C is the attractor \(C+\)}{subsection.3.1}% 10
\BOOKMARK [2][-]{subsection.3.2}{Divided Majority}{section.3}% 11
\BOOKMARK [3][-]{subsubsection.3.2.1}{A is the repeller \(A-\)}{subsection.3.2}% 12
\BOOKMARK [3][-]{subsubsection.3.2.2}{B is the repeller \(B-\)}{subsection.3.2}% 13
\BOOKMARK [3][-]{subsubsection.3.2.3}{C is the repeller \(C-\)}{subsection.3.2}% 14
\BOOKMARK [1][-]{section.4}{Results: Incentives}{}% 15
\BOOKMARK [2][-]{subsection.4.1}{Direct Comparison of Frequency}{section.4}% 16
\BOOKMARK [2][-]{subsection.4.2}{QQ-Plots}{section.4}% 17
\BOOKMARK [1][-]{section.5}{Results: Electoral System Performance}{}% 18
\BOOKMARK [2][-]{subsection.5.1}{Condorcet Winner}{section.5}% 19
\BOOKMARK [2][-]{subsection.5.2}{Incidence of Voting Paradoxes}{section.5}% 20
\BOOKMARK [2][-]{subsection.5.3}{Interdependence}{section.5}% 21
\BOOKMARK [1][-]{section.6}{Conclusion}{}% 22
